_XSERVTransmkdir: ERROR: euid != 0,directory /tmp/.X11-unix will not be created.

Xvnc TigerVNC 1.10.0 - built May  5 2020 05:22:55
Copyright (C) 1999-2019 TigerVNC Team and many others (see README.rst)
See https://www.tigervnc.org for information on TigerVNC.
Underlying X server release 12006000, The X.Org Foundation


Mon Dec 21 17:54:50 2020
 vncext:      VNC extension running!
 vncext:      Listening for VNC connections on all interface(s), port 16001
 vncext:      created VNC server for screen 0
Failed to connect to bus: $DBUS_SESSION_BUS_ADDRESS and $XDG_RUNTIME_DIR not defined
dbus-update-activation-environment: error: unable to connect to D-Bus: Using X11 for dbus-daemon autolaunch was disabled at compile time, set your DBUS_SESSION_BUS_ADDRESS instead
xsettingsd: Loaded 5 settings from /home/.xsettingsd
xsettingsd: Created window 0x400001 on screen 0 with timestamp 1844429933
xsettingsd: Selection _XSETTINGS_S0 is owned by 0x0
xsettingsd: Took ownership of selection _XSETTINGS_S0

Mon Dec 21 17:54:53 2020
 Connections: accepted: 127.0.0.1::35038

Mon Dec 21 17:54:54 2020
 SConnection: Client needs protocol version 3.7

ERROR: openbox-xdg-autostart requires PyXDG to be installed
 SConnection: Client requests security type None(1)
 VNCSConnST:  Server default pixel format depth 24 (32bpp) little-endian rgb888
 VNCSConnST:  Client pixel format depth 24 (32bpp) little-endian bgr888
 ComparingUpdateTracker: 2.5 kpixels in / 2.5 kpixels out
 ComparingUpdateTracker: (1:1 ratio)

Mon Dec 21 17:54:57 2020
 VNCSConnST:  closing 127.0.0.1::35038: Clean disconnection
 EncodeManager: Framebuffer updates: 16
 EncodeManager:   Tight:
 EncodeManager:     Solid: 29 rects, 1.03935 Mpixels
 EncodeManager:            464 B (1:8960.66 ratio)
 EncodeManager:     Indexed RLE: 12 rects, 9.862 kpixels
 EncodeManager:                  3.06348 KiB (1:12.621 ratio)
 EncodeManager:   Tight (JPEG):
 EncodeManager:     Full Colour: 10 rects, 31.02 kpixels
 EncodeManager:                  39.5996 KiB (1:3.06289 ratio)
 EncodeManager:   Total: 51 rects, 1.08023 Mpixels
 EncodeManager:          43.1162 KiB (1:97.8808 ratio)
 TcpSocket:   unable to get peer name for socket
 Connections: closed: ::0
 ComparingUpdateTracker: 0 pixels in / 0 pixels out
 ComparingUpdateTracker: (1:-nan ratio)

Mon Dec 21 17:55:05 2020
 Connections: accepted: 127.0.0.1::35040
 SConnection: Client needs protocol version 3.7

Mon Dec 21 17:55:06 2020
 SConnection: Client requests security type None(1)
 VNCSConnST:  Server default pixel format depth 24 (32bpp) little-endian rgb888
 VNCSConnST:  Client pixel format depth 24 (32bpp) little-endian bgr888

Mon Dec 21 17:56:38 2020
 VNCSConnST:  closing 127.0.0.1::35040: Clean disconnection
 EncodeManager: Framebuffer updates: 1448
 EncodeManager:   Tight:
 EncodeManager:     Solid: 1.203 krects, 13.1223 Mpixels
 EncodeManager:            18.7969 KiB (1:2727.74 ratio)
 EncodeManager:     Bitmap RLE: 261 rects, 331.64 kpixels
 EncodeManager:                 8.88281 KiB (1:146.184 ratio)
 EncodeManager:     Indexed RLE: 1.049 krects, 3.87958 Mpixels
 EncodeManager:                  250.756 KiB (1:60.4848 ratio)
 EncodeManager:   Tight (JPEG):
 EncodeManager:     Full Colour: 739 rects, 3.42913 Mpixels
 EncodeManager:                  2.3176 MiB (1:5.6479 ratio)
 EncodeManager:   Total: 3.252 krects, 20.7626 Mpixels
 EncodeManager:          2.58951 MiB (1:30.6006 ratio)
 TcpSocket:   unable to get peer name for socket
 Connections: closed: ::0
 ComparingUpdateTracker: 20.6903 Mpixels in / 19.8184 Mpixels out
 ComparingUpdateTracker: (1:1.04399 ratio)
